  [1m[35m (4.3ms)[0m  [1m[35mCREATE DATABASE "trivia_development" ENCODING = 'unicode'[0m
  [1m[35m (0.4ms)[0m  [1m[35mCREATE DATABASE "trivia_test" ENCODING = 'unicode'[0m
  [1m[35m (33.7ms)[0m  [1m[35mCREATE TABLE "schema_migrations" ("version" character varying NOT NULL PRIMARY KEY)[0m
  [1m[35m (6.0ms)[0m  [1m[35mCREATE TABLE "ar_internal_metadata" ("key" character varying NOT NULL PRIMARY KEY, "value" character varying, "created_at" timestamp(6) NOT NULL, "updated_at" timestamp(6) NOT NULL)[0m
  [1m[35m (2.2ms)[0m  [1m[34mSELECT pg_try_advisory_lock(6670579742594417685)[0m
  [1m[35m (0.8ms)[0m  [1m[34mSELECT "schema_migrations"."version" FROM "schema_migrations" ORDER BY "schema_migrations"."version" ASC[0m
  [1m[36mActiveRecord::InternalMetadata Load (0.6ms)[0m  [1m[34mSELECT "ar_internal_metadata".* FROM "ar_internal_metadata" WHERE "ar_internal_metadata"."key" = $1 LIMIT $2[0m  [["key", "environment"], ["LIMIT", 1]]
  [1m[36mTRANSACTION (0.1ms)[0m  [1m[35mBEGIN[0m
  [1m[36mActiveRecord::InternalMetadata Create (4.0ms)[0m  [1m[32mINSERT INTO "ar_internal_metadata" ("key", "value", "created_at", "updated_at") VALUES ($1, $2, $3, $4) RETURNING "key"[0m  [["key", "environment"], ["value", "development"], ["created_at", "2021-09-04 02:54:53.646630"], ["updated_at", "2021-09-04 02:54:53.646630"]]
  [1m[36mTRANSACTION (0.4ms)[0m  [1m[35mCOMMIT[0m
  [1m[35m (0.2ms)[0m  [1m[34mSELECT pg_advisory_unlock(6670579742594417685)[0m
  [1m[35m (0.4ms)[0m  [1m[34mSELECT "schema_migrations"."version" FROM "schema_migrations" ORDER BY "schema_migrations"."version" ASC[0m
Started GET "/" for 127.0.0.1 at 2021-09-03 20:55:10 -0600
  [1m[35m (0.5ms)[0m  [1m[34mSELECT "schema_migrations"."version" FROM "schema_migrations" ORDER BY "schema_migrations"."version" ASC[0m
Processing by Rails::WelcomeController#index as HTML
  Rendering /Users/kwibemerci/.rbenv/versions/2.7.2/lib/ruby/gems/2.7.0/gems/railties-6.1.4.1/lib/rails/templates/rails/welcome/index.html.erb
  Rendered /Users/kwibemerci/.rbenv/versions/2.7.2/lib/ruby/gems/2.7.0/gems/railties-6.1.4.1/lib/rails/templates/rails/welcome/index.html.erb (Duration: 8.0ms | Allocations: 402)
Completed 200 OK in 27ms (Views: 14.8ms | ActiveRecord: 0.0ms | Allocations: 3433)


Started GET "/apple-touch-icon-precomposed.png" for 127.0.0.1 at 2021-09-03 20:55:11 -0600
  
ActionController::RoutingError (No route matches [GET] "/apple-touch-icon-precomposed.png"):
  
Started GET "/favicon.ico" for 127.0.0.1 at 2021-09-03 20:55:11 -0600
Started GET "/apple-touch-icon.png" for 127.0.0.1 at 2021-09-03 20:55:11 -0600
  
ActionController::RoutingError (No route matches [GET] "/favicon.ico"):
  
  
ActionController::RoutingError (No route matches [GET] "/apple-touch-icon.png"):
  
